2022-01-02 20:22:00,982:INFO:PyCaret Supervised Module
2022-01-02 20:22:00,982:INFO:ML Usecase: regression
2022-01-02 20:22:00,983:INFO:version 2.2.2
2022-01-02 20:22:00,983:INFO:Initializing setup()
2022-01-02 20:22:00,983:INFO:setup(target=NU_NOTA_MT, ml_usecase=regression, available_plots={'parameter': 'Hyperparameters', 'residuals': 'Residuals', 'error': 'Prediction Error', 'cooks': 'Cooks Distance', 'rfe': 'Feature Selection', 'learning': 'Learning Curve', 'manifold': 'Manifold Learning', 'vc': 'Validation Curve', 'feature': 'Feature Importance', 'feature_all': 'Feature Importance (All)', 'tree': 'Decision Tree'}, train_size=0.7, test_data=None, preprocess=True, imputation_type=simple, iterative_imputation_iters=5, categorical_features=None, categorical_imputation=constant, categorical_iterative_imputer=lightgbm, ordinal_features=None, high_cardinality_features=None, high_cardinality_method=frequency, numeric_features=None, numeric_imputation=mean, numeric_iterative_imputer=lightgbm, date_features=None, ignore_features=None, normalize=False, normalize_method=zscore, transformation=False, transformation_method=yeo-johnson, handle_unknown_categorical=True, unknown_categorical_method=least_frequent, pca=False, pca_method=linear, pca_components=None, ignore_low_variance=False, combine_rare_levels=False, rare_level_threshold=0.1, bin_numeric_features=None, remove_outliers=False, outliers_threshold=0.05, remove_multicollinearity=False, multicollinearity_threshold=0.9, remove_perfect_collinearity=True, create_clusters=False, cluster_iter=20, polynomial_features=False, polynomial_degree=2, trigonometry_features=False, polynomial_threshold=0.1, group_features=None, group_names=None, feature_selection=False, feature_selection_threshold=0.8, feature_selection_method=classic, feature_interaction=False, feature_ratio=False, interaction_threshold=0.01, fix_imbalance=False, fix_imbalance_method=None, transform_target=False, transform_target_method=box-cox, data_split_shuffle=True, data_split_stratify=False, fold_strategy=kfold, fold=10, fold_shuffle=False, fold_groups=None, n_jobs=-1, use_gpu=False, custom_pipeline=None, html=True, session_id=None, log_experiment=False, experiment_name=None, log_plots=False, log_profile=False, log_data=False, silent=False, verbose=True, profile=False, profile_kwargs=None, display=None)
2022-01-02 20:22:00,983:INFO:Checking environment
2022-01-02 20:22:00,984:INFO:python_version: 3.9.5
2022-01-02 20:22:00,984:INFO:python_build: ('default', 'May 18 2021 12:31:01')
2022-01-02 20:22:00,984:INFO:machine: x86_64
2022-01-02 20:22:00,984:INFO:platform: macOS-10.16-x86_64-i386-64bit
2022-01-02 20:22:00,984:WARNING:cannot find psutil installation. memory not traceable. Install psutil using pip to enable memory logging.
2022-01-02 20:22:00,985:INFO:Checking libraries
2022-01-02 20:22:00,985:INFO:pd==1.3.5
2022-01-02 20:22:00,985:INFO:numpy==1.19.5
2022-01-02 20:22:00,985:INFO:sklearn==1.0.2
2022-01-02 20:22:01,297:WARNING:xgboost not found
2022-01-02 20:22:01,298:INFO:lightgbm==3.2.1
2022-01-02 20:22:01,772:INFO:catboost==1.0.3
2022-01-02 20:22:03,009:INFO:mlflow==1.22.0
2022-01-02 20:22:03,010:INFO:Checking Exceptions
2022-01-02 20:22:03,010:INFO:Declaring global variables
2022-01-02 20:22:03,010:INFO:USI: 0d1d
2022-01-02 20:22:03,010:INFO:pycaret_globals: {'X', 'logging_param', 'USI', 'log_plots_param', 'fold_shuffle_param', '_all_models_internal', 'exp_name_log', 'seed', 'create_model_container', 'n_jobs_param', 'fold_groups_param', 'html_param', 'master_model_container', 'X_test', 'target_param', '_available_plots', 'y', 'fix_imbalance_param', 'fold_generator', 'fold_param', 'y_train', '_all_models', 'fix_imbalance_method_param', 'transform_target_method_param', 'prep_pipe', 'X_train', 'display_container', 'pycaret_globals', 'y_test', 'transform_target_param', 'data_before_preprocess', 'gpu_param', '_gpu_n_jobs_param', 'iterative_imputation_iters_param', 'imputation_classifier', 'experiment__', '_ml_usecase', '_all_metrics', '_internal_pipeline', 'imputation_regressor', 'stratify_param'}
2022-01-02 20:22:03,010:INFO:Preparing display monitor
2022-01-02 20:22:03,010:INFO:Preparing display monitor
2022-01-02 20:22:03,025:INFO:Importing libraries
2022-01-02 20:22:03,025:INFO:Copying data for preprocessing
2022-01-02 20:22:03,050:INFO:Declaring preprocessing parameters
2022-01-02 20:22:03,096:INFO:Creating preprocessing pipeline
2022-01-02 20:22:03,327:INFO:Preprocessing pipeline created successfully
2022-01-02 20:22:03,327:ERROR:(Process Exit): setup has been interupted with user command 'quit'. setup must rerun.
2022-01-02 20:22:03,327:INFO:Creating global containers
2022-01-02 20:24:25,250:INFO:PyCaret Supervised Module
2022-01-02 20:24:25,258:INFO:ML Usecase: regression
2022-01-02 20:24:25,258:INFO:version 2.2.2
2022-01-02 20:24:25,258:INFO:Initializing setup()
2022-01-02 20:24:25,258:INFO:setup(target=NU_NOTA_MT, ml_usecase=regression, available_plots={'parameter': 'Hyperparameters', 'residuals': 'Residuals', 'error': 'Prediction Error', 'cooks': 'Cooks Distance', 'rfe': 'Feature Selection', 'learning': 'Learning Curve', 'manifold': 'Manifold Learning', 'vc': 'Validation Curve', 'feature': 'Feature Importance', 'feature_all': 'Feature Importance (All)', 'tree': 'Decision Tree'}, train_size=0.7, test_data=None, preprocess=True, imputation_type=simple, iterative_imputation_iters=5, categorical_features=None, categorical_imputation=constant, categorical_iterative_imputer=lightgbm, ordinal_features=None, high_cardinality_features=None, high_cardinality_method=frequency, numeric_features=None, numeric_imputation=mean, numeric_iterative_imputer=lightgbm, date_features=None, ignore_features=None, normalize=False, normalize_method=zscore, transformation=False, transformation_method=yeo-johnson, handle_unknown_categorical=True, unknown_categorical_method=least_frequent, pca=False, pca_method=linear, pca_components=None, ignore_low_variance=False, combine_rare_levels=False, rare_level_threshold=0.1, bin_numeric_features=None, remove_outliers=False, outliers_threshold=0.05, remove_multicollinearity=False, multicollinearity_threshold=0.9, remove_perfect_collinearity=True, create_clusters=False, cluster_iter=20, polynomial_features=False, polynomial_degree=2, trigonometry_features=False, polynomial_threshold=0.1, group_features=None, group_names=None, feature_selection=False, feature_selection_threshold=0.8, feature_selection_method=classic, feature_interaction=False, feature_ratio=False, interaction_threshold=0.01, fix_imbalance=False, fix_imbalance_method=None, transform_target=False, transform_target_method=box-cox, data_split_shuffle=True, data_split_stratify=False, fold_strategy=kfold, fold=10, fold_shuffle=False, fold_groups=None, n_jobs=-1, use_gpu=False, custom_pipeline=None, html=True, session_id=123, log_experiment=False, experiment_name=None, log_plots=False, log_profile=False, log_data=False, silent=False, verbose=True, profile=False, profile_kwargs=None, display=None)
2022-01-02 20:24:25,258:INFO:Checking environment
2022-01-02 20:24:25,258:INFO:python_version: 3.9.5
2022-01-02 20:24:25,258:INFO:python_build: ('default', 'May 18 2021 12:31:01')
2022-01-02 20:24:25,258:INFO:machine: x86_64
2022-01-02 20:24:25,258:INFO:platform: macOS-10.16-x86_64-i386-64bit
2022-01-02 20:24:25,259:WARNING:cannot find psutil installation. memory not traceable. Install psutil using pip to enable memory logging.
2022-01-02 20:24:25,259:INFO:Checking libraries
2022-01-02 20:24:25,259:INFO:pd==1.3.5
2022-01-02 20:24:25,259:INFO:numpy==1.19.5
2022-01-02 20:24:25,259:INFO:sklearn==1.0.2
2022-01-02 20:24:25,276:WARNING:xgboost not found
2022-01-02 20:24:25,276:INFO:lightgbm==3.2.1
2022-01-02 20:24:25,276:INFO:catboost==1.0.3
2022-01-02 20:24:25,276:INFO:mlflow==1.22.0
2022-01-02 20:24:25,276:INFO:Checking Exceptions
2022-01-02 20:24:25,277:INFO:Declaring global variables
2022-01-02 20:24:25,277:INFO:USI: 7d79
2022-01-02 20:24:25,277:INFO:pycaret_globals: {'X', 'logging_param', 'USI', 'log_plots_param', 'fold_shuffle_param', '_all_models_internal', 'exp_name_log', 'seed', 'create_model_container', 'n_jobs_param', 'fold_groups_param', 'html_param', 'master_model_container', 'X_test', 'target_param', '_available_plots', 'y', 'fix_imbalance_param', 'fold_generator', 'fold_param', 'y_train', '_all_models', 'fix_imbalance_method_param', 'transform_target_method_param', 'prep_pipe', 'X_train', 'display_container', 'pycaret_globals', 'y_test', 'transform_target_param', 'data_before_preprocess', 'gpu_param', '_gpu_n_jobs_param', 'iterative_imputation_iters_param', 'imputation_classifier', 'experiment__', '_ml_usecase', '_all_metrics', '_internal_pipeline', 'imputation_regressor', 'stratify_param'}
2022-01-02 20:24:25,277:INFO:Preparing display monitor
2022-01-02 20:24:25,277:INFO:Preparing display monitor
2022-01-02 20:24:25,301:INFO:Importing libraries
2022-01-02 20:24:25,302:INFO:Copying data for preprocessing
2022-01-02 20:24:25,333:INFO:Declaring preprocessing parameters
2022-01-02 20:24:25,360:INFO:Creating preprocessing pipeline
2022-01-02 20:24:25,598:INFO:Preprocessing pipeline created successfully
2022-01-02 20:24:25,598:ERROR:(Process Exit): setup has been interupted with user command 'quit'. setup must rerun.
2022-01-02 20:24:25,598:INFO:Creating global containers
2022-01-02 20:56:03,632:INFO:PyCaret Supervised Module
2022-01-02 20:56:03,633:INFO:ML Usecase: regression
2022-01-02 20:56:03,633:INFO:version 2.2.2
2022-01-02 20:56:03,634:INFO:Initializing setup()
2022-01-02 20:56:03,634:INFO:setup(target=NU_NOTA_MT, ml_usecase=regression, available_plots={'parameter': 'Hyperparameters', 'residuals': 'Residuals', 'error': 'Prediction Error', 'cooks': 'Cooks Distance', 'rfe': 'Feature Selection', 'learning': 'Learning Curve', 'manifold': 'Manifold Learning', 'vc': 'Validation Curve', 'feature': 'Feature Importance', 'feature_all': 'Feature Importance (All)', 'tree': 'Decision Tree'}, train_size=0.7, test_data=None, preprocess=True, imputation_type=simple, iterative_imputation_iters=5, categorical_features=None, categorical_imputation=constant, categorical_iterative_imputer=lightgbm, ordinal_features=None, high_cardinality_features=None, high_cardinality_method=frequency, numeric_features=None, numeric_imputation=mean, numeric_iterative_imputer=lightgbm, date_features=None, ignore_features=None, normalize=False, normalize_method=zscore, transformation=False, transformation_method=yeo-johnson, handle_unknown_categorical=True, unknown_categorical_method=least_frequent, pca=False, pca_method=linear, pca_components=None, ignore_low_variance=False, combine_rare_levels=False, rare_level_threshold=0.1, bin_numeric_features=None, remove_outliers=False, outliers_threshold=0.05, remove_multicollinearity=False, multicollinearity_threshold=0.9, remove_perfect_collinearity=True, create_clusters=False, cluster_iter=20, polynomial_features=False, polynomial_degree=2, trigonometry_features=False, polynomial_threshold=0.1, group_features=None, group_names=None, feature_selection=False, feature_selection_threshold=0.8, feature_selection_method=classic, feature_interaction=False, feature_ratio=False, interaction_threshold=0.01, fix_imbalance=False, fix_imbalance_method=None, transform_target=False, transform_target_method=box-cox, data_split_shuffle=True, data_split_stratify=False, fold_strategy=kfold, fold=10, fold_shuffle=True, fold_groups=None, n_jobs=-1, use_gpu=False, custom_pipeline=None, html=True, session_id=None, log_experiment=False, experiment_name=None, log_plots=False, log_profile=False, log_data=False, silent=False, verbose=True, profile=False, profile_kwargs=None, display=None)
2022-01-02 20:56:03,634:INFO:Checking environment
2022-01-02 20:56:03,634:INFO:python_version: 3.9.5
2022-01-02 20:56:03,634:INFO:python_build: ('default', 'May 18 2021 12:31:01')
2022-01-02 20:56:03,634:INFO:machine: x86_64
2022-01-02 20:56:03,634:INFO:platform: macOS-10.16-x86_64-i386-64bit
2022-01-02 20:56:03,635:WARNING:cannot find psutil installation. memory not traceable. Install psutil using pip to enable memory logging.
2022-01-02 20:56:03,635:INFO:Checking libraries
2022-01-02 20:56:03,635:INFO:pd==1.3.5
2022-01-02 20:56:03,635:INFO:numpy==1.19.5
2022-01-02 20:56:03,635:INFO:sklearn==1.0.2
2022-01-02 20:56:03,655:WARNING:xgboost not found
2022-01-02 20:56:03,655:INFO:lightgbm==3.2.1
2022-01-02 20:56:03,655:INFO:catboost==1.0.3
2022-01-02 20:56:03,655:INFO:mlflow==1.22.0
2022-01-02 20:56:03,655:INFO:Checking Exceptions
2022-01-02 20:56:03,655:INFO:Declaring global variables
2022-01-02 20:56:03,656:INFO:USI: 3c08
2022-01-02 20:56:03,656:INFO:pycaret_globals: {'X', 'logging_param', 'USI', 'log_plots_param', 'fold_shuffle_param', '_all_models_internal', 'exp_name_log', 'seed', 'create_model_container', 'n_jobs_param', 'fold_groups_param', 'html_param', 'master_model_container', 'X_test', 'target_param', '_available_plots', 'y', 'fix_imbalance_param', 'fold_generator', 'fold_param', 'y_train', '_all_models', 'fix_imbalance_method_param', 'transform_target_method_param', 'prep_pipe', 'X_train', 'display_container', 'pycaret_globals', 'y_test', 'transform_target_param', 'data_before_preprocess', 'gpu_param', '_gpu_n_jobs_param', 'iterative_imputation_iters_param', 'imputation_classifier', 'experiment__', '_ml_usecase', '_all_metrics', '_internal_pipeline', 'imputation_regressor', 'stratify_param'}
2022-01-02 20:56:03,656:INFO:Preparing display monitor
2022-01-02 20:56:03,656:INFO:Preparing display monitor
2022-01-02 20:56:03,686:INFO:Importing libraries
2022-01-02 20:56:03,686:INFO:Copying data for preprocessing
2022-01-02 20:56:03,735:INFO:Declaring preprocessing parameters
2022-01-02 20:56:03,776:INFO:Creating preprocessing pipeline
2022-01-02 20:56:04,029:INFO:Preprocessing pipeline created successfully
2022-01-02 20:56:04,029:ERROR:(Process Exit): setup has been interupted with user command 'quit'. setup must rerun.
2022-01-02 20:56:04,029:INFO:Creating global containers
2022-01-02 20:56:04,035:INFO:Internal pipeline: Pipeline(memory=None, steps=[('empty_step', 'passthrough')], verbose=False)
2022-01-03 09:31:43,293:INFO:PyCaret Supervised Module
2022-01-03 09:31:43,294:INFO:ML Usecase: regression
2022-01-03 09:31:43,294:INFO:version 2.3.5
2022-01-03 09:31:43,294:INFO:Initializing setup()
2022-01-03 09:31:43,294:INFO:setup(target=NU_NOTA_MT, ml_usecase=regression, available_plots={'parameter': 'Hyperparameters', 'residuals': 'Residuals', 'error': 'Prediction Error', 'cooks': 'Cooks Distance', 'rfe': 'Feature Selection', 'learning': 'Learning Curve', 'manifold': 'Manifold Learning', 'vc': 'Validation Curve', 'feature': 'Feature Importance', 'feature_all': 'Feature Importance (All)', 'tree': 'Decision Tree', 'residuals_interactive': 'Interactive Residuals'}, train_size=0.7, test_data=None, preprocess=True, imputation_type=simple, iterative_imputation_iters=5, categorical_features=None, categorical_imputation=constant, categorical_iterative_imputer=lightgbm, ordinal_features=None, high_cardinality_features=None, high_cardinality_method=frequency, numeric_features=None, numeric_imputation=mean, numeric_iterative_imputer=lightgbm, date_features=None, ignore_features=None, normalize=False, normalize_method=zscore, transformation=False, transformation_method=yeo-johnson, handle_unknown_categorical=True, unknown_categorical_method=least_frequent, pca=False, pca_method=linear, pca_components=None, ignore_low_variance=False, combine_rare_levels=False, rare_level_threshold=0.1, bin_numeric_features=None, remove_outliers=False, outliers_threshold=0.05, remove_multicollinearity=False, multicollinearity_threshold=0.9, remove_perfect_collinearity=True, create_clusters=False, cluster_iter=20, polynomial_features=False, polynomial_degree=2, trigonometry_features=False, polynomial_threshold=0.1, group_features=None, group_names=None, feature_selection=False, feature_selection_threshold=0.8, feature_selection_method=classic, feature_interaction=False, feature_ratio=False, interaction_threshold=0.01, fix_imbalance=False, fix_imbalance_method=None, transform_target=False, transform_target_method=box-cox, data_split_shuffle=True, data_split_stratify=False, fold_strategy=kfold, fold=10, fold_shuffle=True, fold_groups=None, n_jobs=-1, use_gpu=False, custom_pipeline=None, html=True, session_id=None, log_experiment=False, experiment_name=None, log_plots=False, log_profile=False, log_data=False, silent=False, verbose=True, profile=False, profile_kwargs=None, display=None)
2022-01-03 09:31:43,294:INFO:Checking environment
2022-01-03 09:31:43,294:INFO:python_version: 3.8.8
2022-01-03 09:31:43,294:INFO:python_build: ('default', 'Apr 13 2021 19:58:26')
2022-01-03 09:31:43,294:INFO:machine: x86_64
2022-01-03 09:31:43,294:INFO:platform: Linux-5.4.0-91-generic-x86_64-with-glibc2.10
2022-01-03 09:31:43,295:INFO:Memory: svmem(total=16659795968, available=11915710464, percent=28.5, used=3861766144, free=3561705472, active=6024093696, inactive=4397248512, buffers=2032463872, cached=7203860480, shared=544591872, slab=2283995136)
2022-01-03 09:31:43,296:INFO:Physical Core: 4
2022-01-03 09:31:43,296:INFO:Logical Core: 8
2022-01-03 09:31:43,296:INFO:Checking libraries
2022-01-03 09:31:43,297:INFO:pd==1.3.4
2022-01-03 09:31:43,297:INFO:numpy==1.19.5
2022-01-03 09:31:43,297:INFO:sklearn==0.23.2
2022-01-03 09:31:43,297:INFO:lightgbm==3.3.1
2022-01-03 09:31:43,323:INFO:catboost==1.0.3
2022-01-03 09:31:43,349:INFO:xgboost==1.5.1
2022-01-03 09:31:43,927:INFO:mlflow==1.22.0
2022-01-03 09:31:43,927:INFO:Checking Exceptions
2022-01-03 09:31:43,927:INFO:Declaring global variables
2022-01-03 09:31:43,927:INFO:USI: 90c6
2022-01-03 09:31:43,927:INFO:pycaret_globals: {'fix_imbalance_method_param', 'y_test', 'pycaret_globals', 'html_param', 'data_before_preprocess', 'target_param', 'iterative_imputation_iters_param', 'master_model_container', 'X_train', 'seed', 'fold_groups_param', 'imputation_regressor', 'fold_param', 'X', '_all_models', '_all_metrics', '_ml_usecase', 'logging_param', 'imputation_classifier', 'y_train', 'n_jobs_param', 'gpu_param', 'y', 'stratify_param', '_gpu_n_jobs_param', 'prep_pipe', 'transform_target_param', 'fold_groups_param_full', 'USI', 'display_container', 'fold_generator', 'fix_imbalance_param', 'exp_name_log', '_available_plots', 'experiment__', '_internal_pipeline', 'transform_target_method_param', 'log_plots_param', 'X_test', 'fold_shuffle_param', 'create_model_container', '_all_models_internal'}
2022-01-03 09:31:43,927:INFO:Preparing display monitor
2022-01-03 09:31:43,927:INFO:Preparing display monitor
2022-01-03 09:31:43,951:INFO:Importing libraries
2022-01-03 09:31:43,951:INFO:Copying data for preprocessing
2022-01-03 09:31:43,983:INFO:Declaring preprocessing parameters
2022-01-03 09:31:44,031:INFO:Creating preprocessing pipeline
2022-01-03 09:31:44,661:INFO:Preprocessing pipeline created successfully
2022-01-03 09:31:44,662:ERROR:(Process Exit): setup has been interupted with user command 'quit'. setup must rerun.
2022-01-03 09:31:44,662:INFO:Creating global containers
2022-01-03 09:31:44,667:INFO:Internal pipeline: Pipeline(memory=None, steps=[('empty_step', 'passthrough')], verbose=False)
2022-01-03 10:28:00,028:INFO:PyCaret Supervised Module
2022-01-03 10:28:00,028:INFO:ML Usecase: regression
2022-01-03 10:28:00,028:INFO:version 2.3.5
2022-01-03 10:28:00,028:INFO:Initializing setup()
2022-01-03 10:28:00,028:INFO:setup(target=NU_NOTA_MT, ml_usecase=regression, available_plots={'parameter': 'Hyperparameters', 'residuals': 'Residuals', 'error': 'Prediction Error', 'cooks': 'Cooks Distance', 'rfe': 'Feature Selection', 'learning': 'Learning Curve', 'manifold': 'Manifold Learning', 'vc': 'Validation Curve', 'feature': 'Feature Importance', 'feature_all': 'Feature Importance (All)', 'tree': 'Decision Tree', 'residuals_interactive': 'Interactive Residuals'}, train_size=0.7, test_data=None, preprocess=True, imputation_type=simple, iterative_imputation_iters=5, categorical_features=None, categorical_imputation=constant, categorical_iterative_imputer=lightgbm, ordinal_features=None, high_cardinality_features=None, high_cardinality_method=frequency, numeric_features=None, numeric_imputation=mean, numeric_iterative_imputer=lightgbm, date_features=None, ignore_features=None, normalize=False, normalize_method=zscore, transformation=False, transformation_method=yeo-johnson, handle_unknown_categorical=True, unknown_categorical_method=least_frequent, pca=False, pca_method=linear, pca_components=None, ignore_low_variance=True, combine_rare_levels=False, rare_level_threshold=0.1, bin_numeric_features=None, remove_outliers=False, outliers_threshold=0.05, remove_multicollinearity=False, multicollinearity_threshold=0.9, remove_perfect_collinearity=True, create_clusters=False, cluster_iter=20, polynomial_features=False, polynomial_degree=2, trigonometry_features=False, polynomial_threshold=0.1, group_features=None, group_names=None, feature_selection=True, feature_selection_threshold=0.7, feature_selection_method=classic, feature_interaction=False, feature_ratio=False, interaction_threshold=0.01, fix_imbalance=False, fix_imbalance_method=None, transform_target=False, transform_target_method=box-cox, data_split_shuffle=True, data_split_stratify=False, fold_strategy=kfold, fold=10, fold_shuffle=False, fold_groups=None, n_jobs=-1, use_gpu=False, custom_pipeline=None, html=True, session_id=None, log_experiment=False, experiment_name=None, log_plots=False, log_profile=False, log_data=False, silent=True, verbose=True, profile=False, profile_kwargs=None, display=None)
2022-01-03 10:28:00,028:INFO:Checking environment
2022-01-03 10:28:00,028:INFO:python_version: 3.8.8
2022-01-03 10:28:00,028:INFO:python_build: ('default', 'Apr 13 2021 19:58:26')
2022-01-03 10:28:00,028:INFO:machine: x86_64
2022-01-03 10:28:00,028:INFO:platform: Linux-5.4.0-91-generic-x86_64-with-glibc2.10
2022-01-03 10:28:00,028:INFO:Memory: svmem(total=16659795968, available=12924067840, percent=22.4, used=2912632832, free=11185610752, active=2834415616, inactive=1964359680, buffers=113995776, cached=2447556608, shared=502026240, slab=335163392)
2022-01-03 10:28:00,029:INFO:Physical Core: 4
2022-01-03 10:28:00,029:INFO:Logical Core: 8
2022-01-03 10:28:00,029:INFO:Checking libraries
2022-01-03 10:28:00,029:INFO:pd==1.3.4
2022-01-03 10:28:00,029:INFO:numpy==1.19.5
2022-01-03 10:28:00,029:INFO:sklearn==0.23.2
2022-01-03 10:28:00,030:INFO:lightgbm==3.3.1
2022-01-03 10:28:00,152:INFO:catboost==1.0.3
2022-01-03 10:28:00,220:INFO:xgboost==1.5.1
2022-01-03 10:28:00,839:INFO:mlflow==1.22.0
2022-01-03 10:28:00,839:INFO:Checking Exceptions
2022-01-03 10:28:00,839:INFO:Declaring global variables
2022-01-03 10:28:00,839:INFO:USI: 64d1
2022-01-03 10:28:00,839:INFO:pycaret_globals: {'n_jobs_param', 'create_model_container', 'pycaret_globals', '_all_models', 'fold_generator', 'X', 'fix_imbalance_method_param', 'X_train', 'html_param', '_internal_pipeline', 'imputation_regressor', 'y_train', 'stratify_param', 'fold_param', 'display_container', 'fold_groups_param_full', 'data_before_preprocess', 'USI', 'gpu_param', '_available_plots', 'y_test', 'transform_target_param', 'transform_target_method_param', '_all_models_internal', 'fold_shuffle_param', 'seed', 'imputation_classifier', 'fold_groups_param', 'y', 'target_param', 'iterative_imputation_iters_param', 'experiment__', 'prep_pipe', '_gpu_n_jobs_param', '_all_metrics', 'fix_imbalance_param', 'log_plots_param', 'master_model_container', '_ml_usecase', 'exp_name_log', 'logging_param', 'X_test'}
2022-01-03 10:28:00,839:INFO:Preparing display monitor
2022-01-03 10:28:00,839:INFO:Preparing display monitor
2022-01-03 10:28:00,852:INFO:Importing libraries
2022-01-03 10:28:00,852:INFO:Copying data for preprocessing
2022-01-03 10:28:00,872:INFO:Declaring preprocessing parameters
2022-01-03 10:28:00,900:INFO:Creating preprocessing pipeline
2022-01-03 10:28:01,233:INFO:Preprocessing pipeline created successfully
2022-01-03 10:28:01,233:ERROR:(Process Exit): setup has been interupted with user command 'quit'. setup must rerun.
2022-01-03 10:28:01,234:INFO:Creating global containers
2022-01-03 10:28:01,237:INFO:Internal pipeline: Pipeline(memory=None, steps=[('empty_step', 'passthrough')], verbose=False)
